<?xml version="1.0" encoding="UTF-8"?>
<!-- Generated by org.testng.reporters.JUnitReportReporter -->
<testsuite skipped="0" hostname="DESKTOP-3SUJPVT" name="com.handling.BatchTesting.TC02_Verify_TitleTest" tests="1" failures="0" timestamp="22 Feb 2019 15:43:51 GMT" time="34.139" errors="0">
  <testcase name="titleTest" time="34.139" classname="com.handling.BatchTesting.TC02_Verify_TitleTest"/>
</testsuite> <!-- com.handling.BatchTesting.TC02_Verify_TitleTest -->
